[debug] [2019-07-24T15:33:48.234Z] ----------------------------------------------------------------------
[debug] [2019-07-24T15:33:48.236Z] Command:       /usr/bin/node /usr/local/bin/firebase deploy
[debug] [2019-07-24T15:33:48.236Z] CLI Version:   7.1.1
[debug] [2019-07-24T15:33:48.236Z] Platform:      linux
[debug] [2019-07-24T15:33:48.236Z] Node Version:  v12.7.0
[debug] [2019-07-24T15:33:48.237Z] Time:          Wed Jul 24 2019 18:33:48 GMT+0300 (East Africa Time)
[debug] [2019-07-24T15:33:48.237Z] ----------------------------------------------------------------------
[debug] 
[debug] [2019-07-24T15:33:48.244Z] > command requires scopes: ["email","openid","https://www.googleapis.com/auth/cloudplatformprojects.readonly","https://www.googleapis.com/auth/firebase","https://www.googleapis.com/auth/cloud-platform"]
[debug] [2019-07-24T15:33:48.244Z] > authorizing via signed-in user
[debug] [2019-07-24T15:33:48.244Z] [iam] checking project shopping-list-final for permissions ["cloudfunctions.functions.create","cloudfunctions.functions.delete","cloudfunctions.functions.get","cloudfunctions.functions.list","cloudfunctions.functions.update","cloudfunctions.operations.get","datastore.indexes.create","datastore.indexes.delete","datastore.indexes.list","datastore.indexes.update","firebase.projects.get","firebasedatabase.instances.update","firebasehosting.sites.update","firebaserules.releases.create","firebaserules.releases.update","firebaserules.rulesets.create"]
[debug] [2019-07-24T15:33:48.246Z] >>> HTTP REQUEST POST https://cloudresourcemanager.googleapis.com/v1/projects/shopping-list-final:testIamPermissions  

[debug] [2019-07-24T15:33:50.298Z] <<< HTTP RESPONSE 200
[debug] [2019-07-24T15:33:50.308Z] >>> HTTP REQUEST GET https://firebase.googleapis.com/v1beta1/projects/shopping-list-final  
 
[debug] [2019-07-24T15:33:51.104Z] <<< HTTP RESPONSE 200
[info] 
[info] === Deploying to 'shopping-list-final'...
[info] 
[info] i  deploying database, storage, firestore, functions, hosting
[info] Running command: npm --prefix "$RESOURCE_DIR" run lint
[info] Running command: npm --prefix "$RESOURCE_DIR" run build
